[      34ms] [WARNING] <link rel=preload> has an unsupported `type` value @ http://localhost:3000/elite-athlete-support-readiness-assessments:0
[     143ms] [INFO] %cDownload the React DevTools for a better development experience: https://reactjs.org/link/react-devtools font-weight:bold @ webpack-internal:///./node_modules/react-dom/cjs/react-dom.development.js:29889
[     159ms] [LOG] [HMR] connected @ webpack-internal:///./node_modules/next/dist/client/components/react-dev-overlay/pages/websocket.js:38
[     291ms] [LOG] [Firebase] Initial mode: {isDev: true, source: localhost default, timestamp: 2026-06-06T02:49:40.534Z} @ webpack-internal:///./src/api/firebase/config.ts:212
[     291ms] [LOG] [Firebase] Starting initialization: {environment: development, isLocalhost: true, timestamp: 2026-06-06T02:49:40.538Z} @ webpack-internal:///./src/api/firebase/config.ts:141
[     291ms] [LOG] [Firebase Config] Environment Check: {isDev: true, isLocalhost: true, nodeEnv: development, envVarsPresent: Object, timestamp: 2026-06-06T02:49:40.538Z} @ webpack-internal:///./src/api/firebase/config.ts:92
[     291ms] [LOG] [Firebase Config] Final Configuration: {mode: development, apiKey: AIzaSyDy25daRNR3sd9P9OJKYnoQmLkQlhuQcy4, authDomain: quicklifts-dev-01.firebaseapp.com, projectId: quicklifts-dev-01, storageBucket: quicklifts-dev-01.appspot.com} @ webpack-internal:///./src/api/firebase/config.ts:111
[     291ms] [LOG] [Firebase] Using configuration: {mode: development, isLocalhost: true, projectId: quicklifts-dev-01, hasApiKey: true, hasAppId: true} @ webpack-internal:///./src/api/firebase/config.ts:161
[     294ms] [LOG] [Firebase] Initialization complete: {hasApp: true, hasAuth: true, hasDb: true, hasStorage: true, timestamp: 2026-06-06T02:49:40.541Z} @ webpack-internal:///./src/api/firebase/config.ts:182
[     305ms] [LOG] 🛠️ Environment debug helper available! Run window.debugEnv() in console to check environment variables. @ webpack-internal:///./src/utils/envDebug.ts:61
[     311ms] [LOG] [Firebase] Persistence set successfully to browserLocalPersistence @ webpack-internal:///./src/api/firebase/config.ts:177
[    3312ms] [WARNING] The resource http://localhost:3000/fonts/Thunder-LC.ttf was preloaded using link preload but not used within a few seconds from the window's load event. Please make sure it has an appropriate `as` value and it is preloaded intentionally. @ http://localhost:3000/elite-athlete-support-readiness-assessments:0
[  169116ms] [LOG] [Fast Refresh] rebuilding @ webpack-internal:///./node_modules/next/dist/client/components/react-dev-overlay/pages/hot-reloader-client.js:221
[  170356ms] [WARNING] [HMR] Invalid message: [object Object]
TypeError: Cannot read properties of undefined (reading 'pathname')
    at eval (webpack-internal:///./node_modules/next/dist/client/dev/hot-middleware-client.js:25:48)
    at processMessage (webpack-internal:///./node_modules/next/dist/client/components/react-dev-overlay/pages/hot-reloader-client.js:338:21)
    at eval (webpack-internal:///./node_modules/next/dist/client/components/react-dev-overlay/pages/hot-reloader-client.js:67:13)
    at WebSocket.handleMessage (webpack-internal:///./node_modules/next/dist/client/components/react-dev-overlay/pages/websocket.js:48:21) @ webpack-internal:///./node_modules/next/dist/client/components/react-dev-overlay/pages/hot-reloader-client.js:69
[  170362ms] [LOG] [Fast Refresh] done in 1246ms @ webpack-internal:///./node_modules/next/dist/client/components/react-dev-overlay/pages/hot-reloader-client.js:190
[  173363ms] [WARNING] The resource http://localhost:3000/fonts/Thunder-LC.ttf was preloaded using link preload but not used within a few seconds from the window's load event. Please make sure it has an appropriate `as` value and it is preloaded intentionally. @ http://localhost:3000/elite-athlete-support-readiness-assessments:0
[  179717ms] [LOG] [Fast Refresh] rebuilding @ webpack-internal:///./node_modules/next/dist/client/components/react-dev-overlay/pages/hot-reloader-client.js:221
[  180333ms] [LOG] [Fast Refresh] done in 617ms @ webpack-internal:///./node_modules/next/dist/client/components/react-dev-overlay/pages/hot-reloader-client.js:190
[  183336ms] [WARNING] The resource http://localhost:3000/fonts/Thunder-LC.ttf was preloaded using link preload but not used within a few seconds from the window's load event. Please make sure it has an appropriate `as` value and it is preloaded intentionally. @ http://localhost:3000/elite-athlete-support-readiness-assessments:0
[  197149ms] [LOG] [Fast Refresh] rebuilding @ webpack-internal:///./node_modules/next/dist/client/components/react-dev-overlay/pages/hot-reloader-client.js:221
[  197780ms] [LOG] [Fast Refresh] done in 632ms @ webpack-internal:///./node_modules/next/dist/client/components/react-dev-overlay/pages/hot-reloader-client.js:190
[  200783ms] [WARNING] The resource http://localhost:3000/fonts/Thunder-LC.ttf was preloaded using link preload but not used within a few seconds from the window's load event. Please make sure it has an appropriate `as` value and it is preloaded intentionally. @ http://localhost:3000/elite-athlete-support-readiness-assessments:0
[  210147ms] [LOG] [Fast Refresh] rebuilding @ webpack-internal:///./node_modules/next/dist/client/components/react-dev-overlay/pages/hot-reloader-client.js:221
[  213785ms] [WARNING] The resource http://localhost:3000/fonts/Thunder-LC.ttf was preloaded using link preload but not used within a few seconds from the window's load event. Please make sure it has an appropriate `as` value and it is preloaded intentionally. @ http://localhost:3000/elite-athlete-support-readiness-assessments:0
[  237148ms] [LOG] [Fast Refresh] rebuilding @ webpack-internal:///./node_modules/next/dist/client/components/react-dev-overlay/pages/hot-reloader-client.js:221
[  237770ms] [LOG] [Fast Refresh] done in 622ms @ webpack-internal:///./node_modules/next/dist/client/components/react-dev-overlay/pages/hot-reloader-client.js:190
[  240772ms] [WARNING] The resource http://localhost:3000/fonts/Thunder-LC.ttf was preloaded using link preload but not used within a few seconds from the window's load event. Please make sure it has an appropriate `as` value and it is preloaded intentionally. @ http://localhost:3000/elite-athlete-support-readiness-assessments:0
[  265670ms] [LOG] [Fast Refresh] rebuilding @ webpack-internal:///./node_modules/next/dist/client/components/react-dev-overlay/pages/hot-reloader-client.js:221
[  269286ms] [WARNING] The resource http://localhost:3000/fonts/Thunder-LC.ttf was preloaded using link preload but not used within a few seconds from the window's load event. Please make sure it has an appropriate `as` value and it is preloaded intentionally. @ http://localhost:3000/elite-athlete-support-readiness-assessments:0
[  270940ms] [LOG] [Fast Refresh] rebuilding @ webpack-internal:///./node_modules/next/dist/client/components/react-dev-overlay/pages/hot-reloader-client.js:221
[  274500ms] [WARNING] The resource http://localhost:3000/fonts/Thunder-LC.ttf was preloaded using link preload but not used within a few seconds from the window's load event. Please make sure it has an appropriate `as` value and it is preloaded intentionally. @ http://localhost:3000/elite-athlete-support-readiness-assessments:0
[  280470ms] [LOG] [Fast Refresh] rebuilding @ webpack-internal:///./node_modules/next/dist/client/components/react-dev-overlay/pages/hot-reloader-client.js:221
[  284013ms] [WARNING] The resource http://localhost:3000/fonts/Thunder-LC.ttf was preloaded using link preload but not used within a few seconds from the window's load event. Please make sure it has an appropriate `as` value and it is preloaded intentionally. @ http://localhost:3000/elite-athlete-support-readiness-assessments:0
